2025-09-22T00:02:42.033-05:00  INFO 16572 --- [repaso] [SpringApplicationShutdownHook] o.s.b.w.e.tomcat.GracefulShutdown        : Commencing graceful shutdown. Waiting for active requests to complete
2025-09-22T00:02:42.043-05:00  INFO 16572 --- [repaso] [tomcat-shutdown] o.s.b.w.e.tomcat.GracefulShutdown        : Graceful shutdown complete
2025-09-22T00:02:42.048-05:00  INFO 16572 --- [repaso] [SpringApplicationShutdownHook] j.LocalContainerEntityManagerFactoryBean : Closing JPA EntityManagerFactory for persistence unit 'default'
2025-09-22T00:02:42.050-05:00  INFO 16572 --- [repaso] [SpringApplicationShutdownHook] com.zaxxer.hikari.HikariDataSource       : HikariPool-1 - Shutdown initiated...
2025-09-22T00:02:42.073-05:00  INFO 16572 --- [repaso] [SpringApplicationShutdownHook] com.zaxxer.hikari.HikariDataSource       : HikariPool-1 - Shutdown completed.
2025-09-22T00:02:48.612-05:00  INFO 22304 --- [repaso] [main] com.example.repaso.RepasoApplication     : Starting RepasoApplication using Java 21.0.7 with PID 22304 (C:\Users\Docente\Documents\exa-u1-lp2\target\classes started by Docente in C:\Users\Docente\Documents\exa-u1-lp2)
2025-09-22T00:02:48.615-05:00  INFO 22304 --- [repaso] [main] com.example.repaso.RepasoApplication     : No active profile set, falling back to 1 default profile: "default"
2025-09-22T00:02:49.483-05:00  INFO 22304 --- [repaso] [main] .s.d.r.c.RepositoryConfigurationDelegate : Bootstrapping Spring Data JPA repositories in DEFAULT mode.
2025-09-22T00:02:49.575-05:00  INFO 22304 --- [repaso] [main] .s.d.r.c.RepositoryConfigurationDelegate : Finished Spring Data repository scanning in 82 ms. Found 7 JPA repository interfaces.
2025-09-22T00:02:50.056-05:00  INFO 22304 --- [repaso] [main] o.s.b.w.embedded.tomcat.TomcatWebServer  : Tomcat initialized with port 9091 (http)
2025-09-22T00:02:50.073-05:00  INFO 22304 --- [repaso] [main] o.apache.catalina.core.StandardService   : Starting service [Tomcat]
2025-09-22T00:02:50.073-05:00  INFO 22304 --- [repaso] [main] o.apache.catalina.core.StandardEngine    : Starting Servlet engine: [Apache Tomcat/10.1.44]
2025-09-22T00:02:50.144-05:00  INFO 22304 --- [repaso] [main] o.a.c.c.C.[Tomcat].[localhost].[/]       : Initializing Spring embedded WebApplicationContext
2025-09-22T00:02:50.144-05:00  INFO 22304 --- [repaso] [main] w.s.c.ServletWebServerApplicationContext : Root WebApplicationContext: initialization completed in 1478 ms
2025-09-22T00:02:50.393-05:00  INFO 22304 --- [repaso] [main] o.hibernate.jpa.internal.util.LogHelper  : HHH000204: Processing PersistenceUnitInfo [name: default]
2025-09-22T00:02:50.482-05:00  INFO 22304 --- [repaso] [main] org.hibernate.Version                    : HHH000412: Hibernate ORM core version 6.6.26.Final
2025-09-22T00:02:50.527-05:00  INFO 22304 --- [repaso] [main] o.h.c.internal.RegionFactoryInitiator    : HHH000026: Second-level cache disabled
2025-09-22T00:02:50.869-05:00  INFO 22304 --- [repaso] [main] o.s.o.j.p.SpringPersistenceUnitInfo      : No LoadTimeWeaver setup: ignoring JPA class transformer
2025-09-22T00:02:50.913-05:00  INFO 22304 --- [repaso] [main] com.zaxxer.hikari.HikariDataSource       : HikariPool-1 - Starting...
2025-09-22T00:02:51.373-05:00  INFO 22304 --- [repaso] [main] com.zaxxer.hikari.pool.HikariPool        : HikariPool-1 - Added connection oracle.jdbc.driver.T4CConnection@31b6b0c7
2025-09-22T00:02:51.375-05:00  INFO 22304 --- [repaso] [main] com.zaxxer.hikari.HikariDataSource       : HikariPool-1 - Start completed.
2025-09-22T00:02:51.742-05:00  INFO 22304 --- [repaso] [main] org.hibernate.orm.connections.pooling    : HHH10001005: Database info:
	Database JDBC URL [Connecting through datasource 'HikariDataSource (HikariPool-1)']
	Database driver: undefined/unknown
	Database version: 23.8
	Autocommit mode: undefined/unknown
	Isolation level: undefined/unknown
	Minimum pool size: undefined/unknown
	Maximum pool size: undefined/unknown
2025-09-22T00:02:52.981-05:00  INFO 22304 --- [repaso] [main] o.h.e.t.j.p.i.JtaPlatformInitiator       : HHH000489: No JTA platform available (set 'hibernate.transaction.jta.platform' to enable JTA platform integration)
2025-09-22T00:02:53.214-05:00  INFO 22304 --- [repaso] [main] j.LocalContainerEntityManagerFactoryBean : Initialized JPA EntityManagerFactory for persistence unit 'default'
2025-09-22T00:02:54.165-05:00  INFO 22304 --- [repaso] [main] o.s.b.w.embedded.tomcat.TomcatWebServer  : Tomcat started on port 9091 (http) with context path '/'
2025-09-22T00:02:54.174-05:00  INFO 22304 --- [repaso] [main] com.example.repaso.RepasoApplication     : Started RepasoApplication in 6.124 seconds (process running for 6.922)
2025-09-22T00:03:28.685-05:00  INFO 22304 --- [repaso] [http-nio-9091-exec-5] o.a.c.c.C.[Tomcat].[localhost].[/]       : Initializing Spring DispatcherServlet 'dispatcherServlet'
2025-09-22T00:03:28.685-05:00  INFO 22304 --- [repaso] [http-nio-9091-exec-5] o.s.web.servlet.DispatcherServlet        : Initializing Servlet 'dispatcherServlet'
2025-09-22T00:03:28.687-05:00  INFO 22304 --- [repaso] [http-nio-9091-exec-5] o.s.web.servlet.DispatcherServlet        : Completed initialization in 2 ms
2025-09-22T00:30:20.386-05:00  INFO 22304 --- [repaso] [SpringApplicationShutdownHook] o.s.b.w.e.tomcat.GracefulShutdown        : Commencing graceful shutdown. Waiting for active requests to complete
2025-09-22T00:30:20.391-05:00  INFO 22304 --- [repaso] [tomcat-shutdown] o.s.b.w.e.tomcat.GracefulShutdown        : Graceful shutdown complete
2025-09-22T00:30:20.395-05:00  INFO 22304 --- [repaso] [SpringApplicationShutdownHook] j.LocalContainerEntityManagerFactoryBean : Closing JPA EntityManagerFactory for persistence unit 'default'
2025-09-22T00:30:20.397-05:00  INFO 22304 --- [repaso] [SpringApplicationShutdownHook] com.zaxxer.hikari.HikariDataSource       : HikariPool-1 - Shutdown initiated...
2025-09-22T00:30:20.421-05:00  INFO 22304 --- [repaso] [SpringApplicationShutdownHook] com.zaxxer.hikari.HikariDataSource       : HikariPool-1 - Shutdown completed.
2025-09-22T00:30:26.340-05:00  INFO 22548 --- [repaso] [main] com.example.repaso.RepasoApplication     : Starting RepasoApplication using Java 21.0.7 with PID 22548 (C:\Users\Docente\Documents\exa-u1-lp2\target\classes started by Docente in C:\Users\Docente\Documents\exa-u1-lp2)
2025-09-22T00:30:26.343-05:00  INFO 22548 --- [repaso] [main] com.example.repaso.RepasoApplication     : No active profile set, falling back to 1 default profile: "default"
2025-09-22T00:30:27.174-05:00  INFO 22548 --- [repaso] [main] .s.d.r.c.RepositoryConfigurationDelegate : Bootstrapping Spring Data JPA repositories in DEFAULT mode.
2025-09-22T00:30:27.262-05:00  INFO 22548 --- [repaso] [main] .s.d.r.c.RepositoryConfigurationDelegate : Finished Spring Data repository scanning in 79 ms. Found 7 JPA repository interfaces.
2025-09-22T00:30:27.697-05:00  INFO 22548 --- [repaso] [main] o.s.b.w.embedded.tomcat.TomcatWebServer  : Tomcat initialized with port 9091 (http)
2025-09-22T00:30:27.711-05:00  INFO 22548 --- [repaso] [main] o.apache.catalina.core.StandardService   : Starting service [Tomcat]
2025-09-22T00:30:27.712-05:00  INFO 22548 --- [repaso] [main] o.apache.catalina.core.StandardEngine    : Starting Servlet engine: [Apache Tomcat/10.1.44]
2025-09-22T00:30:27.771-05:00  INFO 22548 --- [repaso] [main] o.a.c.c.C.[Tomcat].[localhost].[/]       : Initializing Spring embedded WebApplicationContext
2025-09-22T00:30:27.772-05:00  INFO 22548 --- [repaso] [main] w.s.c.ServletWebServerApplicationContext : Root WebApplicationContext: initialization completed in 1376 ms
2025-09-22T00:30:27.992-05:00  INFO 22548 --- [repaso] [main] o.hibernate.jpa.internal.util.LogHelper  : HHH000204: Processing PersistenceUnitInfo [name: default]
2025-09-22T00:30:28.058-05:00  INFO 22548 --- [repaso] [main] org.hibernate.Version                    : HHH000412: Hibernate ORM core version 6.6.26.Final
2025-09-22T00:30:28.094-05:00  INFO 22548 --- [repaso] [main] o.h.c.internal.RegionFactoryInitiator    : HHH000026: Second-level cache disabled
2025-09-22T00:30:28.388-05:00  INFO 22548 --- [repaso] [main] o.s.o.j.p.SpringPersistenceUnitInfo      : No LoadTimeWeaver setup: ignoring JPA class transformer
2025-09-22T00:30:28.420-05:00  INFO 22548 --- [repaso] [main] com.zaxxer.hikari.HikariDataSource       : HikariPool-1 - Starting...
2025-09-22T00:30:28.842-05:00  INFO 22548 --- [repaso] [main] com.zaxxer.hikari.pool.HikariPool        : HikariPool-1 - Added connection oracle.jdbc.driver.T4CConnection@271e851e
2025-09-22T00:30:28.844-05:00  INFO 22548 --- [repaso] [main] com.zaxxer.hikari.HikariDataSource       : HikariPool-1 - Start completed.
2025-09-22T00:30:29.169-05:00  INFO 22548 --- [repaso] [main] org.hibernate.orm.connections.pooling    : HHH10001005: Database info:
	Database JDBC URL [Connecting through datasource 'HikariDataSource (HikariPool-1)']
	Database driver: undefined/unknown
	Database version: 23.8
	Autocommit mode: undefined/unknown
	Isolation level: undefined/unknown
	Minimum pool size: undefined/unknown
	Maximum pool size: undefined/unknown
2025-09-22T00:30:30.336-05:00  INFO 22548 --- [repaso] [main] o.h.e.t.j.p.i.JtaPlatformInitiator       : HHH000489: No JTA platform available (set 'hibernate.transaction.jta.platform' to enable JTA platform integration)
2025-09-22T00:30:30.558-05:00  INFO 22548 --- [repaso] [main] j.LocalContainerEntityManagerFactoryBean : Initialized JPA EntityManagerFactory for persistence unit 'default'
2025-09-22T00:30:31.474-05:00  INFO 22548 --- [repaso] [main] o.s.b.w.embedded.tomcat.TomcatWebServer  : Tomcat started on port 9091 (http) with context path '/'
2025-09-22T00:30:31.482-05:00  INFO 22548 --- [repaso] [main] com.example.repaso.RepasoApplication     : Started RepasoApplication in 5.66 seconds (process running for 6.35)
2025-09-22T00:30:34.284-05:00  INFO 22548 --- [repaso] [http-nio-9091-exec-1] o.a.c.c.C.[Tomcat].[localhost].[/]       : Initializing Spring DispatcherServlet 'dispatcherServlet'
2025-09-22T00:30:34.285-05:00  INFO 22548 --- [repaso] [http-nio-9091-exec-1] o.s.web.servlet.DispatcherServlet        : Initializing Servlet 'dispatcherServlet'
2025-09-22T00:30:34.286-05:00  INFO 22548 --- [repaso] [http-nio-9091-exec-1] o.s.web.servlet.DispatcherServlet        : Completed initialization in 1 ms
2025-09-22T00:38:12.234-05:00  INFO 22548 --- [repaso] [SpringApplicationShutdownHook] o.s.b.w.e.tomcat.GracefulShutdown        : Commencing graceful shutdown. Waiting for active requests to complete
2025-09-22T00:38:12.238-05:00  INFO 22548 --- [repaso] [tomcat-shutdown] o.s.b.w.e.tomcat.GracefulShutdown        : Graceful shutdown complete
2025-09-22T00:38:12.243-05:00  INFO 22548 --- [repaso] [SpringApplicationShutdownHook] j.LocalContainerEntityManagerFactoryBean : Closing JPA EntityManagerFactory for persistence unit 'default'
2025-09-22T00:38:12.245-05:00  INFO 22548 --- [repaso] [SpringApplicationShutdownHook] com.zaxxer.hikari.HikariDataSource       : HikariPool-1 - Shutdown initiated...
2025-09-22T00:38:12.317-05:00  INFO 22548 --- [repaso] [SpringApplicationShutdownHook] com.zaxxer.hikari.HikariDataSource       : HikariPool-1 - Shutdown completed.
2025-09-22T00:38:18.011-05:00  INFO 19704 --- [repaso] [main] com.example.repaso.RepasoApplication     : Starting RepasoApplication using Java 21.0.7 with PID 19704 (C:\Users\Docente\Documents\exa-u1-lp2\target\classes started by Docente in C:\Users\Docente\Documents\exa-u1-lp2)
2025-09-22T00:38:18.014-05:00  INFO 19704 --- [repaso] [main] com.example.repaso.RepasoApplication     : No active profile set, falling back to 1 default profile: "default"
2025-09-22T00:38:18.874-05:00  INFO 19704 --- [repaso] [main] .s.d.r.c.RepositoryConfigurationDelegate : Bootstrapping Spring Data JPA repositories in DEFAULT mode.
2025-09-22T00:38:18.968-05:00  INFO 19704 --- [repaso] [main] .s.d.r.c.RepositoryConfigurationDelegate : Finished Spring Data repository scanning in 83 ms. Found 7 JPA repository interfaces.
2025-09-22T00:38:19.422-05:00  INFO 19704 --- [repaso] [main] o.s.b.w.embedded.tomcat.TomcatWebServer  : Tomcat initialized with port 9091 (http)
2025-09-22T00:38:19.436-05:00  INFO 19704 --- [repaso] [main] o.apache.catalina.core.StandardService   : Starting service [Tomcat]
2025-09-22T00:38:19.437-05:00  INFO 19704 --- [repaso] [main] o.apache.catalina.core.StandardEngine    : Starting Servlet engine: [Apache Tomcat/10.1.44]
2025-09-22T00:38:19.498-05:00  INFO 19704 --- [repaso] [main] o.a.c.c.C.[Tomcat].[localhost].[/]       : Initializing Spring embedded WebApplicationContext
2025-09-22T00:38:19.499-05:00  INFO 19704 --- [repaso] [main] w.s.c.ServletWebServerApplicationContext : Root WebApplicationContext: initialization completed in 1432 ms
2025-09-22T00:38:19.714-05:00  INFO 19704 --- [repaso] [main] o.hibernate.jpa.internal.util.LogHelper  : HHH000204: Processing PersistenceUnitInfo [name: default]
2025-09-22T00:38:19.782-05:00  INFO 19704 --- [repaso] [main] org.hibernate.Version                    : HHH000412: Hibernate ORM core version 6.6.26.Final
2025-09-22T00:38:19.818-05:00  INFO 19704 --- [repaso] [main] o.h.c.internal.RegionFactoryInitiator    : HHH000026: Second-level cache disabled
2025-09-22T00:38:20.125-05:00  INFO 19704 --- [repaso] [main] o.s.o.j.p.SpringPersistenceUnitInfo      : No LoadTimeWeaver setup: ignoring JPA class transformer
2025-09-22T00:38:20.160-05:00  INFO 19704 --- [repaso] [main] com.zaxxer.hikari.HikariDataSource       : HikariPool-1 - Starting...
2025-09-22T00:38:20.583-05:00  INFO 19704 --- [repaso] [main] com.zaxxer.hikari.pool.HikariPool        : HikariPool-1 - Added connection oracle.jdbc.driver.T4CConnection@778113f2
2025-09-22T00:38:20.585-05:00  INFO 19704 --- [repaso] [main] com.zaxxer.hikari.HikariDataSource       : HikariPool-1 - Start completed.
2025-09-22T00:38:20.911-05:00  INFO 19704 --- [repaso] [main] org.hibernate.orm.connections.pooling    : HHH10001005: Database info:
	Database JDBC URL [Connecting through datasource 'HikariDataSource (HikariPool-1)']
	Database driver: undefined/unknown
	Database version: 23.8
	Autocommit mode: undefined/unknown
	Isolation level: undefined/unknown
	Minimum pool size: undefined/unknown
	Maximum pool size: undefined/unknown
2025-09-22T00:38:22.210-05:00  INFO 19704 --- [repaso] [main] o.h.e.t.j.p.i.JtaPlatformInitiator       : HHH000489: No JTA platform available (set 'hibernate.transaction.jta.platform' to enable JTA platform integration)
2025-09-22T00:38:22.433-05:00  INFO 19704 --- [repaso] [main] j.LocalContainerEntityManagerFactoryBean : Initialized JPA EntityManagerFactory for persistence unit 'default'
2025-09-22T00:38:23.344-05:00  INFO 19704 --- [repaso] [main] o.s.b.w.embedded.tomcat.TomcatWebServer  : Tomcat started on port 9091 (http) with context path '/'
2025-09-22T00:38:23.353-05:00  INFO 19704 --- [repaso] [main] com.example.repaso.RepasoApplication     : Started RepasoApplication in 5.928 seconds (process running for 6.616)
2025-09-22T00:38:24.983-05:00  INFO 19704 --- [repaso] [http-nio-9091-exec-2] o.a.c.c.C.[Tomcat].[localhost].[/]       : Initializing Spring DispatcherServlet 'dispatcherServlet'
2025-09-22T00:38:24.983-05:00  INFO 19704 --- [repaso] [http-nio-9091-exec-2] o.s.web.servlet.DispatcherServlet        : Initializing Servlet 'dispatcherServlet'
2025-09-22T00:38:24.985-05:00  INFO 19704 --- [repaso] [http-nio-9091-exec-2] o.s.web.servlet.DispatcherServlet        : Completed initialization in 2 ms
2025-09-22T00:39:57.568-05:00  INFO 19704 --- [repaso] [SpringApplicationShutdownHook] o.s.b.w.e.tomcat.GracefulShutdown        : Commencing graceful shutdown. Waiting for active requests to complete
2025-09-22T00:39:57.579-05:00  INFO 19704 --- [repaso] [tomcat-shutdown] o.s.b.w.e.tomcat.GracefulShutdown        : Graceful shutdown complete
2025-09-22T00:39:57.585-05:00  INFO 19704 --- [repaso] [SpringApplicationShutdownHook] j.LocalContainerEntityManagerFactoryBean : Closing JPA EntityManagerFactory for persistence unit 'default'
2025-09-22T00:39:57.587-05:00  INFO 19704 --- [repaso] [SpringApplicationShutdownHook] com.zaxxer.hikari.HikariDataSource       : HikariPool-1 - Shutdown initiated...
2025-09-22T00:39:57.609-05:00  INFO 19704 --- [repaso] [SpringApplicationShutdownHook] com.zaxxer.hikari.HikariDataSource       : HikariPool-1 - Shutdown completed.
2025-09-22T00:40:00.994-05:00  INFO 23760 --- [repaso] [main] com.example.repaso.RepasoApplication     : Starting RepasoApplication using Java 21.0.7 with PID 23760 (C:\Users\Docente\Documents\exa-u1-lp2\target\classes started by Docente in C:\Users\Docente\Documents\exa-u1-lp2)
2025-09-22T00:40:00.997-05:00  INFO 23760 --- [repaso] [main] com.example.repaso.RepasoApplication     : No active profile set, falling back to 1 default profile: "default"
2025-09-22T00:40:01.823-05:00  INFO 23760 --- [repaso] [main] .s.d.r.c.RepositoryConfigurationDelegate : Bootstrapping Spring Data JPA repositories in DEFAULT mode.
2025-09-22T00:40:01.920-05:00  INFO 23760 --- [repaso] [main] .s.d.r.c.RepositoryConfigurationDelegate : Finished Spring Data repository scanning in 85 ms. Found 7 JPA repository interfaces.
2025-09-22T00:40:02.380-05:00  INFO 23760 --- [repaso] [main] o.s.b.w.embedded.tomcat.TomcatWebServer  : Tomcat initialized with port 9091 (http)
2025-09-22T00:40:02.394-05:00  INFO 23760 --- [repaso] [main] o.apache.catalina.core.StandardService   : Starting service [Tomcat]
2025-09-22T00:40:02.395-05:00  INFO 23760 --- [repaso] [main] o.apache.catalina.core.StandardEngine    : Starting Servlet engine: [Apache Tomcat/10.1.44]
2025-09-22T00:40:02.455-05:00  INFO 23760 --- [repaso] [main] o.a.c.c.C.[Tomcat].[localhost].[/]       : Initializing Spring embedded WebApplicationContext
2025-09-22T00:40:02.456-05:00  INFO 23760 --- [repaso] [main] w.s.c.ServletWebServerApplicationContext : Root WebApplicationContext: initialization completed in 1406 ms
2025-09-22T00:40:02.671-05:00  INFO 23760 --- [repaso] [main] o.hibernate.jpa.internal.util.LogHelper  : HHH000204: Processing PersistenceUnitInfo [name: default]
2025-09-22T00:40:02.739-05:00  INFO 23760 --- [repaso] [main] org.hibernate.Version                    : HHH000412: Hibernate ORM core version 6.6.26.Final
2025-09-22T00:40:02.776-05:00  INFO 23760 --- [repaso] [main] o.h.c.internal.RegionFactoryInitiator    : HHH000026: Second-level cache disabled
2025-09-22T00:40:03.069-05:00  INFO 23760 --- [repaso] [main] o.s.o.j.p.SpringPersistenceUnitInfo      : No LoadTimeWeaver setup: ignoring JPA class transformer
2025-09-22T00:40:03.104-05:00  INFO 23760 --- [repaso] [main] com.zaxxer.hikari.HikariDataSource       : HikariPool-1 - Starting...
2025-09-22T00:40:03.520-05:00  INFO 23760 --- [repaso] [main] com.zaxxer.hikari.pool.HikariPool        : HikariPool-1 - Added connection oracle.jdbc.driver.T4CConnection@a0d875d
2025-09-22T00:40:03.521-05:00  INFO 23760 --- [repaso] [main] com.zaxxer.hikari.HikariDataSource       : HikariPool-1 - Start completed.
2025-09-22T00:40:03.826-05:00  INFO 23760 --- [repaso] [main] org.hibernate.orm.connections.pooling    : HHH10001005: Database info:
	Database JDBC URL [Connecting through datasource 'HikariDataSource (HikariPool-1)']
	Database driver: undefined/unknown
	Database version: 23.8
	Autocommit mode: undefined/unknown
	Isolation level: undefined/unknown
	Minimum pool size: undefined/unknown
	Maximum pool size: undefined/unknown
2025-09-22T00:40:04.923-05:00  INFO 23760 --- [repaso] [main] o.h.e.t.j.p.i.JtaPlatformInitiator       : HHH000489: No JTA platform available (set 'hibernate.transaction.jta.platform' to enable JTA platform integration)
2025-09-22T00:40:05.141-05:00  INFO 23760 --- [repaso] [main] j.LocalContainerEntityManagerFactoryBean : Initialized JPA EntityManagerFactory for persistence unit 'default'
2025-09-22T00:40:06.050-05:00  INFO 23760 --- [repaso] [main] o.s.b.w.embedded.tomcat.TomcatWebServer  : Tomcat started on port 9091 (http) with context path '/'
2025-09-22T00:40:06.059-05:00  INFO 23760 --- [repaso] [main] com.example.repaso.RepasoApplication     : Started RepasoApplication in 5.605 seconds (process running for 6.339)
2025-09-22T00:40:23.119-05:00  INFO 23760 --- [repaso] [SpringApplicationShutdownHook] o.s.b.w.e.tomcat.GracefulShutdown        : Commencing graceful shutdown. Waiting for active requests to complete
2025-09-22T00:40:23.124-05:00  INFO 23760 --- [repaso] [tomcat-shutdown] o.s.b.w.e.tomcat.GracefulShutdown        : Graceful shutdown complete
2025-09-22T00:40:23.128-05:00  INFO 23760 --- [repaso] [SpringApplicationShutdownHook] j.LocalContainerEntityManagerFactoryBean : Closing JPA EntityManagerFactory for persistence unit 'default'
2025-09-22T00:40:23.130-05:00  INFO 23760 --- [repaso] [SpringApplicationShutdownHook] com.zaxxer.hikari.HikariDataSource       : HikariPool-1 - Shutdown initiated...
2025-09-22T00:40:23.150-05:00  INFO 23760 --- [repaso] [SpringApplicationShutdownHook] com.zaxxer.hikari.HikariDataSource       : HikariPool-1 - Shutdown completed.
2025-09-22T00:40:27.118-05:00  INFO 25744 --- [repaso] [main] com.example.repaso.RepasoApplication     : Starting RepasoApplication using Java 21.0.7 with PID 25744 (C:\Users\Docente\Documents\exa-u1-lp2\target\classes started by Docente in C:\Users\Docente\Documents\exa-u1-lp2)
2025-09-22T00:40:27.122-05:00  INFO 25744 --- [repaso] [main] com.example.repaso.RepasoApplication     : No active profile set, falling back to 1 default profile: "default"
2025-09-22T00:40:27.950-05:00  INFO 25744 --- [repaso] [main] .s.d.r.c.RepositoryConfigurationDelegate : Bootstrapping Spring Data JPA repositories in DEFAULT mode.
2025-09-22T00:40:28.040-05:00  INFO 25744 --- [repaso] [main] .s.d.r.c.RepositoryConfigurationDelegate : Finished Spring Data repository scanning in 81 ms. Found 7 JPA repository interfaces.
2025-09-22T00:40:28.472-05:00  INFO 25744 --- [repaso] [main] o.s.b.w.embedded.tomcat.TomcatWebServer  : Tomcat initialized with port 9091 (http)
2025-09-22T00:40:28.486-05:00  INFO 25744 --- [repaso] [main] o.apache.catalina.core.StandardService   : Starting service [Tomcat]
2025-09-22T00:40:28.487-05:00  INFO 25744 --- [repaso] [main] o.apache.catalina.core.StandardEngine    : Starting Servlet engine: [Apache Tomcat/10.1.44]
2025-09-22T00:40:28.548-05:00  INFO 25744 --- [repaso] [main] o.a.c.c.C.[Tomcat].[localhost].[/]       : Initializing Spring embedded WebApplicationContext
2025-09-22T00:40:28.548-05:00  INFO 25744 --- [repaso] [main] w.s.c.ServletWebServerApplicationContext : Root WebApplicationContext: initialization completed in 1377 ms
2025-09-22T00:40:28.763-05:00  INFO 25744 --- [repaso] [main] o.hibernate.jpa.internal.util.LogHelper  : HHH000204: Processing PersistenceUnitInfo [name: default]
2025-09-22T00:40:28.827-05:00  INFO 25744 --- [repaso] [main] org.hibernate.Version                    : HHH000412: Hibernate ORM core version 6.6.26.Final
2025-09-22T00:40:28.868-05:00  INFO 25744 --- [repaso] [main] o.h.c.internal.RegionFactoryInitiator    : HHH000026: Second-level cache disabled
2025-09-22T00:40:29.166-05:00  INFO 25744 --- [repaso] [main] o.s.o.j.p.SpringPersistenceUnitInfo      : No LoadTimeWeaver setup: ignoring JPA class transformer
2025-09-22T00:40:29.198-05:00  INFO 25744 --- [repaso] [main] com.zaxxer.hikari.HikariDataSource       : HikariPool-1 - Starting...
2025-09-22T00:40:29.606-05:00  INFO 25744 --- [repaso] [main] com.zaxxer.hikari.pool.HikariPool        : HikariPool-1 - Added connection oracle.jdbc.driver.T4CConnection@118fbaf0
2025-09-22T00:40:29.608-05:00  INFO 25744 --- [repaso] [main] com.zaxxer.hikari.HikariDataSource       : HikariPool-1 - Start completed.
2025-09-22T00:40:29.920-05:00  INFO 25744 --- [repaso] [main] org.hibernate.orm.connections.pooling    : HHH10001005: Database info:
	Database JDBC URL [Connecting through datasource 'HikariDataSource (HikariPool-1)']
	Database driver: undefined/unknown
	Database version: 23.8
	Autocommit mode: undefined/unknown
	Isolation level: undefined/unknown
	Minimum pool size: undefined/unknown
	Maximum pool size: undefined/unknown
2025-09-22T00:40:31.098-05:00  INFO 25744 --- [repaso] [main] o.h.e.t.j.p.i.JtaPlatformInitiator       : HHH000489: No JTA platform available (set 'hibernate.transaction.jta.platform' to enable JTA platform integration)
2025-09-22T00:40:31.329-05:00  INFO 25744 --- [repaso] [main] j.LocalContainerEntityManagerFactoryBean : Initialized JPA EntityManagerFactory for persistence unit 'default'
2025-09-22T00:40:32.268-05:00  INFO 25744 --- [repaso] [main] o.s.b.w.embedded.tomcat.TomcatWebServer  : Tomcat started on port 9091 (http) with context path '/'
2025-09-22T00:40:32.277-05:00  INFO 25744 --- [repaso] [main] com.example.repaso.RepasoApplication     : Started RepasoApplication in 5.701 seconds (process running for 6.475)
2025-09-22T00:40:35.611-05:00  INFO 25744 --- [repaso] [http-nio-9091-exec-1] o.a.c.c.C.[Tomcat].[localhost].[/]       : Initializing Spring DispatcherServlet 'dispatcherServlet'
2025-09-22T00:40:35.611-05:00  INFO 25744 --- [repaso] [http-nio-9091-exec-1] o.s.web.servlet.DispatcherServlet        : Initializing Servlet 'dispatcherServlet'
2025-09-22T00:40:35.612-05:00  INFO 25744 --- [repaso] [http-nio-9091-exec-1] o.s.web.servlet.DispatcherServlet        : Completed initialization in 1 ms
2025-09-22T00:40:35.627-05:00  WARN 25744 --- [repaso] [http-nio-9091-exec-1] o.s.web.servlet.PageNotFound             : No mapping for GET /api/v1/ventasDD
2025-09-22T00:41:27.114-05:00  WARN 25744 --- [repaso] [http-nio-9091-exec-4] o.s.web.servlet.PageNotFound             : No mapping for GET /api/v1/venta
2025-09-22T00:51:03.158-05:00  WARN 25744 --- [repaso] [http-nio-9091-exec-7] o.s.web.servlet.PageNotFound             : No mapping for POST /api/v1/ventasD
2025-09-22T01:13:33.650-05:00  INFO 25744 --- [repaso] [SpringApplicationShutdownHook] o.s.b.w.e.tomcat.GracefulShutdown        : Commencing graceful shutdown. Waiting for active requests to complete
2025-09-22T01:13:33.657-05:00  INFO 25744 --- [repaso] [tomcat-shutdown] o.s.b.w.e.tomcat.GracefulShutdown        : Graceful shutdown complete
2025-09-22T01:13:33.663-05:00  INFO 25744 --- [repaso] [SpringApplicationShutdownHook] j.LocalContainerEntityManagerFactoryBean : Closing JPA EntityManagerFactory for persistence unit 'default'
2025-09-22T01:13:33.666-05:00  INFO 25744 --- [repaso] [SpringApplicationShutdownHook] com.zaxxer.hikari.HikariDataSource       : HikariPool-1 - Shutdown initiated...
2025-09-22T01:13:33.695-05:00  INFO 25744 --- [repaso] [SpringApplicationShutdownHook] com.zaxxer.hikari.HikariDataSource       : HikariPool-1 - Shutdown completed.
2025-09-22T01:13:58.475-05:00  INFO 31040 --- [repaso] [main] com.example.repaso.RepasoApplication     : Starting RepasoApplication using Java 21.0.7 with PID 31040 (C:\Users\Docente\Documents\exa-u1-lp2\target\classes started by Docente in C:\Users\Docente\Documents\exa-u1-lp2)
2025-09-22T01:13:58.478-05:00  INFO 31040 --- [repaso] [main] com.example.repaso.RepasoApplication     : No active profile set, falling back to 1 default profile: "default"
2025-09-22T01:13:59.416-05:00  INFO 31040 --- [repaso] [main] .s.d.r.c.RepositoryConfigurationDelegate : Bootstrapping Spring Data JPA repositories in DEFAULT mode.
2025-09-22T01:13:59.511-05:00  INFO 31040 --- [repaso] [main] .s.d.r.c.RepositoryConfigurationDelegate : Finished Spring Data repository scanning in 86 ms. Found 7 JPA repository interfaces.
2025-09-22T01:14:00.000-05:00  INFO 31040 --- [repaso] [main] o.s.b.w.embedded.tomcat.TomcatWebServer  : Tomcat initialized with port 9091 (http)
2025-09-22T01:14:00.018-05:00  INFO 31040 --- [repaso] [main] o.apache.catalina.core.StandardService   : Starting service [Tomcat]
2025-09-22T01:14:00.018-05:00  INFO 31040 --- [repaso] [main] o.apache.catalina.core.StandardEngine    : Starting Servlet engine: [Apache Tomcat/10.1.44]
2025-09-22T01:14:00.090-05:00  INFO 31040 --- [repaso] [main] o.a.c.c.C.[Tomcat].[localhost].[/]       : Initializing Spring embedded WebApplicationContext
2025-09-22T01:14:00.091-05:00  INFO 31040 --- [repaso] [main] w.s.c.ServletWebServerApplicationContext : Root WebApplicationContext: initialization completed in 1559 ms
2025-09-22T01:14:00.353-05:00  INFO 31040 --- [repaso] [main] o.hibernate.jpa.internal.util.LogHelper  : HHH000204: Processing PersistenceUnitInfo [name: default]
2025-09-22T01:14:00.444-05:00  INFO 31040 --- [repaso] [main] org.hibernate.Version                    : HHH000412: Hibernate ORM core version 6.6.26.Final
2025-09-22T01:14:00.490-05:00  INFO 31040 --- [repaso] [main] o.h.c.internal.RegionFactoryInitiator    : HHH000026: Second-level cache disabled
2025-09-22T01:14:00.831-05:00  INFO 31040 --- [repaso] [main] o.s.o.j.p.SpringPersistenceUnitInfo      : No LoadTimeWeaver setup: ignoring JPA class transformer
2025-09-22T01:14:00.869-05:00  INFO 31040 --- [repaso] [main] com.zaxxer.hikari.HikariDataSource       : HikariPool-1 - Starting...
2025-09-22T01:14:01.320-05:00  INFO 31040 --- [repaso] [main] com.zaxxer.hikari.pool.HikariPool        : HikariPool-1 - Added connection oracle.jdbc.driver.T4CConnection@318e3942
2025-09-22T01:14:01.322-05:00  INFO 31040 --- [repaso] [main] com.zaxxer.hikari.HikariDataSource       : HikariPool-1 - Start completed.
2025-09-22T01:14:01.657-05:00  INFO 31040 --- [repaso] [main] org.hibernate.orm.connections.pooling    : HHH10001005: Database info:
	Database JDBC URL [Connecting through datasource 'HikariDataSource (HikariPool-1)']
	Database driver: undefined/unknown
	Database version: 23.8
	Autocommit mode: undefined/unknown
	Isolation level: undefined/unknown
	Minimum pool size: undefined/unknown
	Maximum pool size: undefined/unknown
2025-09-22T01:14:02.942-05:00  INFO 31040 --- [repaso] [main] o.h.e.t.j.p.i.JtaPlatformInitiator       : HHH000489: No JTA platform available (set 'hibernate.transaction.jta.platform' to enable JTA platform integration)
2025-09-22T01:14:03.352-05:00  INFO 31040 --- [repaso] [main] j.LocalContainerEntityManagerFactoryBean : Initialized JPA EntityManagerFactory for persistence unit 'default'
2025-09-22T01:14:04.250-05:00  INFO 31040 --- [repaso] [main] o.s.b.w.embedded.tomcat.TomcatWebServer  : Tomcat started on port 9091 (http) with context path '/'
2025-09-22T01:14:04.260-05:00  INFO 31040 --- [repaso] [main] com.example.repaso.RepasoApplication     : Started RepasoApplication in 6.339 seconds (process running for 7.191)
2025-09-22T01:14:17.830-05:00  INFO 31040 --- [repaso] [http-nio-9091-exec-3] o.a.c.c.C.[Tomcat].[localhost].[/]       : Initializing Spring DispatcherServlet 'dispatcherServlet'
2025-09-22T01:14:17.830-05:00  INFO 31040 --- [repaso] [http-nio-9091-exec-3] o.s.web.servlet.DispatcherServlet        : Initializing Servlet 'dispatcherServlet'
2025-09-22T01:14:17.832-05:00  INFO 31040 --- [repaso] [http-nio-9091-exec-3] o.s.web.servlet.DispatcherServlet        : Completed initialization in 2 ms
2025-09-22T01:14:23.501-05:00  WARN 31040 --- [repaso] [http-nio-9091-exec-2] o.s.web.servlet.PageNotFound             : No mapping for GET /api/v1/categoriasS
2025-09-22T01:16:41.889-05:00  INFO 31040 --- [repaso] [SpringApplicationShutdownHook] o.s.b.w.e.tomcat.GracefulShutdown        : Commencing graceful shutdown. Waiting for active requests to complete
2025-09-22T01:16:41.895-05:00  INFO 31040 --- [repaso] [tomcat-shutdown] o.s.b.w.e.tomcat.GracefulShutdown        : Graceful shutdown complete
2025-09-22T01:16:41.900-05:00  INFO 31040 --- [repaso] [SpringApplicationShutdownHook] j.LocalContainerEntityManagerFactoryBean : Closing JPA EntityManagerFactory for persistence unit 'default'
2025-09-22T01:16:41.902-05:00  INFO 31040 --- [repaso] [SpringApplicationShutdownHook] com.zaxxer.hikari.HikariDataSource       : HikariPool-1 - Shutdown initiated...
2025-09-22T01:16:41.952-05:00  INFO 31040 --- [repaso] [SpringApplicationShutdownHook] com.zaxxer.hikari.HikariDataSource       : HikariPool-1 - Shutdown completed.
2025-09-22T01:16:48.517-05:00  INFO 8896 --- [repaso] [main] com.example.repaso.RepasoApplication     : Starting RepasoApplication using Java 21.0.7 with PID 8896 (C:\Users\Docente\Documents\exa-u1-lp2\target\classes started by Docente in C:\Users\Docente\Documents\exa-u1-lp2)
2025-09-22T01:16:48.519-05:00  INFO 8896 --- [repaso] [main] com.example.repaso.RepasoApplication     : No active profile set, falling back to 1 default profile: "default"
2025-09-22T01:16:49.390-05:00  INFO 8896 --- [repaso] [main] .s.d.r.c.RepositoryConfigurationDelegate : Bootstrapping Spring Data JPA repositories in DEFAULT mode.
2025-09-22T01:16:49.476-05:00  INFO 8896 --- [repaso] [main] .s.d.r.c.RepositoryConfigurationDelegate : Finished Spring Data repository scanning in 77 ms. Found 7 JPA repository interfaces.
2025-09-22T01:16:49.907-05:00  INFO 8896 --- [repaso] [main] o.s.b.w.embedded.tomcat.TomcatWebServer  : Tomcat initialized with port 9091 (http)
2025-09-22T01:16:49.923-05:00  INFO 8896 --- [repaso] [main] o.apache.catalina.core.StandardService   : Starting service [Tomcat]
2025-09-22T01:16:49.924-05:00  INFO 8896 --- [repaso] [main] o.apache.catalina.core.StandardEngine    : Starting Servlet engine: [Apache Tomcat/10.1.44]
2025-09-22T01:16:49.987-05:00  INFO 8896 --- [repaso] [main] o.a.c.c.C.[Tomcat].[localhost].[/]       : Initializing Spring embedded WebApplicationContext
2025-09-22T01:16:49.987-05:00  INFO 8896 --- [repaso] [main] w.s.c.ServletWebServerApplicationContext : Root WebApplicationContext: initialization completed in 1417 ms
2025-09-22T01:16:50.206-05:00  INFO 8896 --- [repaso] [main] o.hibernate.jpa.internal.util.LogHelper  : HHH000204: Processing PersistenceUnitInfo [name: default]
2025-09-22T01:16:50.273-05:00  INFO 8896 --- [repaso] [main] org.hibernate.Version                    : HHH000412: Hibernate ORM core version 6.6.26.Final
2025-09-22T01:16:50.316-05:00  INFO 8896 --- [repaso] [main] o.h.c.internal.RegionFactoryInitiator    : HHH000026: Second-level cache disabled
2025-09-22T01:16:50.633-05:00  INFO 8896 --- [repaso] [main] o.s.o.j.p.SpringPersistenceUnitInfo      : No LoadTimeWeaver setup: ignoring JPA class transformer
2025-09-22T01:16:50.669-05:00  INFO 8896 --- [repaso] [main] com.zaxxer.hikari.HikariDataSource       : HikariPool-1 - Starting...
2025-09-22T01:16:51.085-05:00  INFO 8896 --- [repaso] [main] com.zaxxer.hikari.pool.HikariPool        : HikariPool-1 - Added connection oracle.jdbc.driver.T4CConnection@370a8b6e
2025-09-22T01:16:51.087-05:00  INFO 8896 --- [repaso] [main] com.zaxxer.hikari.HikariDataSource       : HikariPool-1 - Start completed.
2025-09-22T01:16:51.390-05:00  INFO 8896 --- [repaso] [main] org.hibernate.orm.connections.pooling    : HHH10001005: Database info:
	Database JDBC URL [Connecting through datasource 'HikariDataSource (HikariPool-1)']
	Database driver: undefined/unknown
	Database version: 23.8
	Autocommit mode: undefined/unknown
	Isolation level: undefined/unknown
	Minimum pool size: undefined/unknown
	Maximum pool size: undefined/unknown
2025-09-22T01:16:52.548-05:00  INFO 8896 --- [repaso] [main] o.h.e.t.j.p.i.JtaPlatformInitiator       : HHH000489: No JTA platform available (set 'hibernate.transaction.jta.platform' to enable JTA platform integration)
2025-09-22T01:16:52.766-05:00  INFO 8896 --- [repaso] [main] j.LocalContainerEntityManagerFactoryBean : Initialized JPA EntityManagerFactory for persistence unit 'default'
2025-09-22T01:16:53.682-05:00  INFO 8896 --- [repaso] [main] o.s.b.w.embedded.tomcat.TomcatWebServer  : Tomcat started on port 9091 (http) with context path '/'
2025-09-22T01:16:53.692-05:00  INFO 8896 --- [repaso] [main] com.example.repaso.RepasoApplication     : Started RepasoApplication in 5.694 seconds (process running for 6.403)
2025-09-22T01:17:01.121-05:00  INFO 8896 --- [repaso] [http-nio-9091-exec-2] o.a.c.c.C.[Tomcat].[localhost].[/]       : Initializing Spring DispatcherServlet 'dispatcherServlet'
2025-09-22T01:17:01.121-05:00  INFO 8896 --- [repaso] [http-nio-9091-exec-2] o.s.web.servlet.DispatcherServlet        : Initializing Servlet 'dispatcherServlet'
2025-09-22T01:17:01.123-05:00  INFO 8896 --- [repaso] [http-nio-9091-exec-2] o.s.web.servlet.DispatcherServlet        : Completed initialization in 1 ms
2025-09-22T01:17:47.267-05:00  INFO 8896 --- [repaso] [SpringApplicationShutdownHook] o.s.b.w.e.tomcat.GracefulShutdown        : Commencing graceful shutdown. Waiting for active requests to complete
2025-09-22T01:17:47.273-05:00  INFO 8896 --- [repaso] [tomcat-shutdown] o.s.b.w.e.tomcat.GracefulShutdown        : Graceful shutdown complete
2025-09-22T01:17:47.278-05:00  INFO 8896 --- [repaso] [SpringApplicationShutdownHook] j.LocalContainerEntityManagerFactoryBean : Closing JPA EntityManagerFactory for persistence unit 'default'
2025-09-22T01:17:47.281-05:00  INFO 8896 --- [repaso] [SpringApplicationShutdownHook] com.zaxxer.hikari.HikariDataSource       : HikariPool-1 - Shutdown initiated...
2025-09-22T01:17:47.306-05:00  INFO 8896 --- [repaso] [SpringApplicationShutdownHook] com.zaxxer.hikari.HikariDataSource       : HikariPool-1 - Shutdown completed.
2025-09-22T01:17:50.865-05:00  INFO 10356 --- [repaso] [main] com.example.repaso.RepasoApplication     : Starting RepasoApplication using Java 21.0.7 with PID 10356 (C:\Users\Docente\Documents\exa-u1-lp2\target\classes started by Docente in C:\Users\Docente\Documents\exa-u1-lp2)
2025-09-22T01:17:50.868-05:00  INFO 10356 --- [repaso] [main] com.example.repaso.RepasoApplication     : No active profile set, falling back to 1 default profile: "default"
2025-09-22T01:17:51.771-05:00  INFO 10356 --- [repaso] [main] .s.d.r.c.RepositoryConfigurationDelegate : Bootstrapping Spring Data JPA repositories in DEFAULT mode.
2025-09-22T01:17:51.865-05:00  INFO 10356 --- [repaso] [main] .s.d.r.c.RepositoryConfigurationDelegate : Finished Spring Data repository scanning in 85 ms. Found 7 JPA repository interfaces.
2025-09-22T01:17:52.329-05:00  INFO 10356 --- [repaso] [main] o.s.b.w.embedded.tomcat.TomcatWebServer  : Tomcat initialized with port 9091 (http)
2025-09-22T01:17:52.343-05:00  INFO 10356 --- [repaso] [main] o.apache.catalina.core.StandardService   : Starting service [Tomcat]
2025-09-22T01:17:52.343-05:00  INFO 10356 --- [repaso] [main] o.apache.catalina.core.StandardEngine    : Starting Servlet engine: [Apache Tomcat/10.1.44]
2025-09-22T01:17:52.405-05:00  INFO 10356 --- [repaso] [main] o.a.c.c.C.[Tomcat].[localhost].[/]       : Initializing Spring embedded WebApplicationContext
2025-09-22T01:17:52.405-05:00  INFO 10356 --- [repaso] [main] w.s.c.ServletWebServerApplicationContext : Root WebApplicationContext: initialization completed in 1484 ms
2025-09-22T01:17:52.610-05:00  INFO 10356 --- [repaso] [main] o.hibernate.jpa.internal.util.LogHelper  : HHH000204: Processing PersistenceUnitInfo [name: default]
2025-09-22T01:17:52.668-05:00  INFO 10356 --- [repaso] [main] org.hibernate.Version                    : HHH000412: Hibernate ORM core version 6.6.26.Final
2025-09-22T01:17:52.713-05:00  INFO 10356 --- [repaso] [main] o.h.c.internal.RegionFactoryInitiator    : HHH000026: Second-level cache disabled
2025-09-22T01:17:53.014-05:00  INFO 10356 --- [repaso] [main] o.s.o.j.p.SpringPersistenceUnitInfo      : No LoadTimeWeaver setup: ignoring JPA class transformer
2025-09-22T01:17:53.049-05:00  INFO 10356 --- [repaso] [main] com.zaxxer.hikari.HikariDataSource       : HikariPool-1 - Starting...
2025-09-22T01:17:53.458-05:00  INFO 10356 --- [repaso] [main] com.zaxxer.hikari.pool.HikariPool        : HikariPool-1 - Added connection oracle.jdbc.driver.T4CConnection@1d77746b
2025-09-22T01:17:53.459-05:00  INFO 10356 --- [repaso] [main] com.zaxxer.hikari.HikariDataSource       : HikariPool-1 - Start completed.
2025-09-22T01:17:53.766-05:00  INFO 10356 --- [repaso] [main] org.hibernate.orm.connections.pooling    : HHH10001005: Database info:
	Database JDBC URL [Connecting through datasource 'HikariDataSource (HikariPool-1)']
	Database driver: undefined/unknown
	Database version: 23.8
	Autocommit mode: undefined/unknown
	Isolation level: undefined/unknown
	Minimum pool size: undefined/unknown
	Maximum pool size: undefined/unknown
2025-09-22T01:17:54.883-05:00  INFO 10356 --- [repaso] [main] o.h.e.t.j.p.i.JtaPlatformInitiator       : HHH000489: No JTA platform available (set 'hibernate.transaction.jta.platform' to enable JTA platform integration)
2025-09-22T01:17:55.103-05:00  INFO 10356 --- [repaso] [main] j.LocalContainerEntityManagerFactoryBean : Initialized JPA EntityManagerFactory for persistence unit 'default'
2025-09-22T01:17:55.984-05:00  INFO 10356 --- [repaso] [main] o.s.b.w.embedded.tomcat.TomcatWebServer  : Tomcat started on port 9091 (http) with context path '/'
2025-09-22T01:17:55.993-05:00  INFO 10356 --- [repaso] [main] com.example.repaso.RepasoApplication     : Started RepasoApplication in 5.657 seconds (process running for 6.416)
2025-09-22T01:18:05.631-05:00  INFO 10356 --- [repaso] [http-nio-9091-exec-2] o.a.c.c.C.[Tomcat].[localhost].[/]       : Initializing Spring DispatcherServlet 'dispatcherServlet'
2025-09-22T01:18:05.631-05:00  INFO 10356 --- [repaso] [http-nio-9091-exec-2] o.s.web.servlet.DispatcherServlet        : Initializing Servlet 'dispatcherServlet'
2025-09-22T01:18:05.632-05:00  INFO 10356 --- [repaso] [http-nio-9091-exec-2] o.s.web.servlet.DispatcherServlet        : Completed initialization in 1 ms
2025-09-22T01:23:07.827-05:00  INFO 10356 --- [repaso] [SpringApplicationShutdownHook] o.s.b.w.e.tomcat.GracefulShutdown        : Commencing graceful shutdown. Waiting for active requests to complete
2025-09-22T01:23:07.834-05:00  INFO 10356 --- [repaso] [tomcat-shutdown] o.s.b.w.e.tomcat.GracefulShutdown        : Graceful shutdown complete
2025-09-22T01:23:07.844-05:00  INFO 10356 --- [repaso] [SpringApplicationShutdownHook] j.LocalContainerEntityManagerFactoryBean : Closing JPA EntityManagerFactory for persistence unit 'default'
2025-09-22T01:23:07.847-05:00  INFO 10356 --- [repaso] [SpringApplicationShutdownHook] com.zaxxer.hikari.HikariDataSource       : HikariPool-1 - Shutdown initiated...
2025-09-22T01:23:07.874-05:00  INFO 10356 --- [repaso] [SpringApplicationShutdownHook] com.zaxxer.hikari.HikariDataSource       : HikariPool-1 - Shutdown completed.
2025-09-22T01:23:12.959-05:00  INFO 10268 --- [repaso] [main] com.example.repaso.RepasoApplication     : Starting RepasoApplication using Java 21.0.7 with PID 10268 (C:\Users\Docente\Documents\exa-u1-lp2\target\classes started by Docente in C:\Users\Docente\Documents\exa-u1-lp2)
2025-09-22T01:23:12.962-05:00  INFO 10268 --- [repaso] [main] com.example.repaso.RepasoApplication     : No active profile set, falling back to 1 default profile: "default"
2025-09-22T01:23:13.817-05:00  INFO 10268 --- [repaso] [main] .s.d.r.c.RepositoryConfigurationDelegate : Bootstrapping Spring Data JPA repositories in DEFAULT mode.
2025-09-22T01:23:13.918-05:00  INFO 10268 --- [repaso] [main] .s.d.r.c.RepositoryConfigurationDelegate : Finished Spring Data repository scanning in 89 ms. Found 7 JPA repository interfaces.
2025-09-22T01:23:14.401-05:00  INFO 10268 --- [repaso] [main] o.s.b.w.embedded.tomcat.TomcatWebServer  : Tomcat initialized with port 9091 (http)
2025-09-22T01:23:14.418-05:00  INFO 10268 --- [repaso] [main] o.apache.catalina.core.StandardService   : Starting service [Tomcat]
2025-09-22T01:23:14.419-05:00  INFO 10268 --- [repaso] [main] o.apache.catalina.core.StandardEngine    : Starting Servlet engine: [Apache Tomcat/10.1.44]
2025-09-22T01:23:14.480-05:00  INFO 10268 --- [repaso] [main] o.a.c.c.C.[Tomcat].[localhost].[/]       : Initializing Spring embedded WebApplicationContext
2025-09-22T01:23:14.480-05:00  INFO 10268 --- [repaso] [main] w.s.c.ServletWebServerApplicationContext : Root WebApplicationContext: initialization completed in 1469 ms
2025-09-22T01:23:14.702-05:00  INFO 10268 --- [repaso] [main] o.hibernate.jpa.internal.util.LogHelper  : HHH000204: Processing PersistenceUnitInfo [name: default]
2025-09-22T01:23:14.764-05:00  INFO 10268 --- [repaso] [main] org.hibernate.Version                    : HHH000412: Hibernate ORM core version 6.6.26.Final
2025-09-22T01:23:14.805-05:00  INFO 10268 --- [repaso] [main] o.h.c.internal.RegionFactoryInitiator    : HHH000026: Second-level cache disabled
2025-09-22T01:23:15.110-05:00  INFO 10268 --- [repaso] [main] o.s.o.j.p.SpringPersistenceUnitInfo      : No LoadTimeWeaver setup: ignoring JPA class transformer
2025-09-22T01:23:15.146-05:00  INFO 10268 --- [repaso] [main] com.zaxxer.hikari.HikariDataSource       : HikariPool-1 - Starting...
2025-09-22T01:23:15.566-05:00  INFO 10268 --- [repaso] [main] com.zaxxer.hikari.pool.HikariPool        : HikariPool-1 - Added connection oracle.jdbc.driver.T4CConnection@1d77746b
2025-09-22T01:23:15.568-05:00  INFO 10268 --- [repaso] [main] com.zaxxer.hikari.HikariDataSource       : HikariPool-1 - Start completed.
2025-09-22T01:23:15.882-05:00  INFO 10268 --- [repaso] [main] org.hibernate.orm.connections.pooling    : HHH10001005: Database info:
	Database JDBC URL [Connecting through datasource 'HikariDataSource (HikariPool-1)']
	Database driver: undefined/unknown
	Database version: 23.8
	Autocommit mode: undefined/unknown
	Isolation level: undefined/unknown
	Minimum pool size: undefined/unknown
	Maximum pool size: undefined/unknown
2025-09-22T01:23:17.051-05:00  INFO 10268 --- [repaso] [main] o.h.e.t.j.p.i.JtaPlatformInitiator       : HHH000489: No JTA platform available (set 'hibernate.transaction.jta.platform' to enable JTA platform integration)
2025-09-22T01:23:17.274-05:00  INFO 10268 --- [repaso] [main] j.LocalContainerEntityManagerFactoryBean : Initialized JPA EntityManagerFactory for persistence unit 'default'
2025-09-22T01:23:18.193-05:00  INFO 10268 --- [repaso] [main] o.s.b.w.embedded.tomcat.TomcatWebServer  : Tomcat started on port 9091 (http) with context path '/'
2025-09-22T01:23:18.201-05:00  INFO 10268 --- [repaso] [main] com.example.repaso.RepasoApplication     : Started RepasoApplication in 5.783 seconds (process running for 6.459)
2025-09-22T01:23:18.428-05:00  INFO 10268 --- [repaso] [http-nio-9091-exec-2] o.a.c.c.C.[Tomcat].[localhost].[/]       : Initializing Spring DispatcherServlet 'dispatcherServlet'
2025-09-22T01:23:18.429-05:00  INFO 10268 --- [repaso] [http-nio-9091-exec-2] o.s.web.servlet.DispatcherServlet        : Initializing Servlet 'dispatcherServlet'
2025-09-22T01:23:18.430-05:00  INFO 10268 --- [repaso] [http-nio-9091-exec-2] o.s.web.servlet.DispatcherServlet        : Completed initialization in 1 ms
2025-09-22T01:24:16.999-05:00  WARN 10268 --- [repaso] [http-nio-9091-exec-4] o.h.engine.jdbc.spi.SqlExceptionHelper   : SQL Error: 2292, SQLState: 23000
2025-09-22T01:24:17.000-05:00 ERROR 10268 --- [repaso] [http-nio-9091-exec-4] o.h.engine.jdbc.spi.SqlExceptionHelper   : ORA-02292: restricción de integridad (EJEMPLO.FK_PRODUCTO_CATEGORIA) violada - registro secundario encontrado

https://docs.oracle.com/error-help/db/ora-02292/
2025-09-22T01:24:47.621-05:00  WARN 10268 --- [repaso] [http-nio-9091-exec-6] o.h.engine.jdbc.spi.SqlExceptionHelper   : SQL Error: 2292, SQLState: 23000
2025-09-22T01:24:47.621-05:00 ERROR 10268 --- [repaso] [http-nio-9091-exec-6] o.h.engine.jdbc.spi.SqlExceptionHelper   : ORA-02292: restricción de integridad (EJEMPLO.FK_PRODUCTO_CATEGORIA) violada - registro secundario encontrado

https://docs.oracle.com/error-help/db/ora-02292/
2025-09-22T07:56:27.417-05:00  INFO 10268 --- [repaso] [SpringApplicationShutdownHook] o.s.b.w.e.tomcat.GracefulShutdown        : Commencing graceful shutdown. Waiting for active requests to complete
2025-09-22T07:56:27.437-05:00  INFO 10268 --- [repaso] [tomcat-shutdown] o.s.b.w.e.tomcat.GracefulShutdown        : Graceful shutdown complete
2025-09-22T07:56:27.471-05:00  INFO 10268 --- [repaso] [SpringApplicationShutdownHook] j.LocalContainerEntityManagerFactoryBean : Closing JPA EntityManagerFactory for persistence unit 'default'
2025-09-22T07:56:27.491-05:00  INFO 10268 --- [repaso] [SpringApplicationShutdownHook] com.zaxxer.hikari.HikariDataSource       : HikariPool-1 - Shutdown initiated...
2025-09-22T07:56:27.516-05:00  INFO 10268 --- [repaso] [SpringApplicationShutdownHook] com.zaxxer.hikari.HikariDataSource       : HikariPool-1 - Shutdown completed.
2025-09-22T08:15:38.917-05:00  INFO 32404 --- [repaso] [main] com.example.repaso.RepasoApplication     : Starting RepasoApplication using Java 21.0.7 with PID 32404 (C:\Users\Docente\Documents\exa-u1-lp2\target\classes started by Docente in C:\Users\Docente\Documents\exa-u1-lp2)
2025-09-22T08:15:38.920-05:00  INFO 32404 --- [repaso] [main] com.example.repaso.RepasoApplication     : No active profile set, falling back to 1 default profile: "default"
2025-09-22T08:15:39.980-05:00  INFO 32404 --- [repaso] [main] .s.d.r.c.RepositoryConfigurationDelegate : Bootstrapping Spring Data JPA repositories in DEFAULT mode.
2025-09-22T08:15:40.091-05:00  INFO 32404 --- [repaso] [main] .s.d.r.c.RepositoryConfigurationDelegate : Finished Spring Data repository scanning in 99 ms. Found 7 JPA repository interfaces.
2025-09-22T08:15:40.655-05:00  INFO 32404 --- [repaso] [main] o.s.b.w.embedded.tomcat.TomcatWebServer  : Tomcat initialized with port 9091 (http)
2025-09-22T08:15:40.676-05:00  INFO 32404 --- [repaso] [main] o.apache.catalina.core.StandardService   : Starting service [Tomcat]
2025-09-22T08:15:40.676-05:00  INFO 32404 --- [repaso] [main] o.apache.catalina.core.StandardEngine    : Starting Servlet engine: [Apache Tomcat/10.1.44]
2025-09-22T08:15:40.767-05:00  INFO 32404 --- [repaso] [main] o.a.c.c.C.[Tomcat].[localhost].[/]       : Initializing Spring embedded WebApplicationContext
2025-09-22T08:15:40.768-05:00  INFO 32404 --- [repaso] [main] w.s.c.ServletWebServerApplicationContext : Root WebApplicationContext: initialization completed in 1787 ms
2025-09-22T08:15:41.198-05:00  INFO 32404 --- [repaso] [main] o.hibernate.jpa.internal.util.LogHelper  : HHH000204: Processing PersistenceUnitInfo [name: default]
2025-09-22T08:15:41.348-05:00  INFO 32404 --- [repaso] [main] org.hibernate.Version                    : HHH000412: Hibernate ORM core version 6.6.26.Final
2025-09-22T08:15:41.408-05:00  INFO 32404 --- [repaso] [main] o.h.c.internal.RegionFactoryInitiator    : HHH000026: Second-level cache disabled
2025-09-22T08:15:41.893-05:00  INFO 32404 --- [repaso] [main] o.s.o.j.p.SpringPersistenceUnitInfo      : No LoadTimeWeaver setup: ignoring JPA class transformer
2025-09-22T08:15:41.946-05:00  INFO 32404 --- [repaso] [main] com.zaxxer.hikari.HikariDataSource       : HikariPool-1 - Starting...
2025-09-22T08:15:42.785-05:00  INFO 32404 --- [repaso] [main] com.zaxxer.hikari.pool.HikariPool        : HikariPool-1 - Added connection oracle.jdbc.driver.T4CConnection@ff21443
2025-09-22T08:15:42.788-05:00  INFO 32404 --- [repaso] [main] com.zaxxer.hikari.HikariDataSource       : HikariPool-1 - Start completed.
2025-09-22T08:15:43.231-05:00  INFO 32404 --- [repaso] [main] org.hibernate.orm.connections.pooling    : HHH10001005: Database info:
	Database JDBC URL [Connecting through datasource 'HikariDataSource (HikariPool-1)']
	Database driver: undefined/unknown
	Database version: 23.8
	Autocommit mode: undefined/unknown
	Isolation level: undefined/unknown
	Minimum pool size: undefined/unknown
	Maximum pool size: undefined/unknown
2025-09-22T08:15:44.698-05:00  INFO 32404 --- [repaso] [main] o.h.e.t.j.p.i.JtaPlatformInitiator       : HHH000489: No JTA platform available (set 'hibernate.transaction.jta.platform' to enable JTA platform integration)
2025-09-22T08:15:45.051-05:00  INFO 32404 --- [repaso] [main] j.LocalContainerEntityManagerFactoryBean : Initialized JPA EntityManagerFactory for persistence unit 'default'
2025-09-22T08:15:46.257-05:00  INFO 32404 --- [repaso] [main] o.s.b.w.embedded.tomcat.TomcatWebServer  : Tomcat started on port 9091 (http) with context path '/'
2025-09-22T08:15:46.269-05:00  INFO 32404 --- [repaso] [main] com.example.repaso.RepasoApplication     : Started RepasoApplication in 7.978 seconds (process running for 9.085)
2025-09-22T08:16:29.445-05:00  INFO 32404 --- [repaso] [http-nio-9091-exec-1] o.a.c.c.C.[Tomcat].[localhost].[/]       : Initializing Spring DispatcherServlet 'dispatcherServlet'
2025-09-22T08:16:29.446-05:00  INFO 32404 --- [repaso] [http-nio-9091-exec-1] o.s.web.servlet.DispatcherServlet        : Initializing Servlet 'dispatcherServlet'
2025-09-22T08:16:29.448-05:00  INFO 32404 --- [repaso] [http-nio-9091-exec-1] o.s.web.servlet.DispatcherServlet        : Completed initialization in 2 ms
2025-09-22T08:24:29.619-05:00  INFO 32404 --- [repaso] [SpringApplicationShutdownHook] o.s.b.w.e.tomcat.GracefulShutdown        : Commencing graceful shutdown. Waiting for active requests to complete
2025-09-22T08:24:29.624-05:00  INFO 32404 --- [repaso] [tomcat-shutdown] o.s.b.w.e.tomcat.GracefulShutdown        : Graceful shutdown complete
2025-09-22T08:24:29.630-05:00  INFO 32404 --- [repaso] [SpringApplicationShutdownHook] j.LocalContainerEntityManagerFactoryBean : Closing JPA EntityManagerFactory for persistence unit 'default'
2025-09-22T08:24:29.633-05:00  INFO 32404 --- [repaso] [SpringApplicationShutdownHook] com.zaxxer.hikari.HikariDataSource       : HikariPool-1 - Shutdown initiated...
2025-09-22T08:24:29.659-05:00  INFO 32404 --- [repaso] [SpringApplicationShutdownHook] com.zaxxer.hikari.HikariDataSource       : HikariPool-1 - Shutdown completed.
